<?xml version="1.0" encoding="UTF-8"?>
<testng-results ignored="0" total="1" passed="1" failed="0" skipped="0">
  <reporter-output>
  </reporter-output>
  <suite started-at="2025-05-19T14:40:44 IST" name="Default suite" finished-at="2025-05-19T14:40:44 IST" duration-ms="97">
    <groups>
    </groups>
    <test started-at="2025-05-19T14:40:44 IST" name="Default test" finished-at="2025-05-19T14:40:44 IST" duration-ms="97">
      <class name="Test.k.Tests.TestNGExample">
        <test-method signature="testMethod()[pri:0, instance:Test.k.Tests.TestNGExample@4d465b11]" started-at="2025-05-19T14:40:44 IST" name="testMethod" finished-at="2025-05-19T14:40:44 IST" duration-ms="14" status="PASS">
          <reporter-output>
          </reporter-output>
        </test-method> <!-- testMethod -->
      </class> <!-- Test.k.Tests.TestNGExample -->
    </test> <!-- Default test -->
  </suite> <!-- Default suite -->
</testng-results>
