<?xml version="1.0" encoding="UTF-8"?>
<testng-results ignored="0" total="1" passed="1" failed="0" skipped="0">
  <reporter-output>
  </reporter-output>
  <suite started-at="2025-05-19T15:06:46 IST" name="Suite" finished-at="2025-05-19T15:06:47 IST" duration-ms="136">
    <groups>
    </groups>
    <test started-at="2025-05-19T15:06:46 IST" name="Test" finished-at="2025-05-19T15:06:47 IST" duration-ms="136">
      <class name="Test.k.Tests.TestNGExample">
        <test-method signature="testMethod()[pri:0, instance:Test.k.Tests.TestNGExample@748741cb]" started-at="2025-05-19T15:06:46 IST" name="testMethod" finished-at="2025-05-19T15:06:47 IST" duration-ms="22" status="PASS">
          <reporter-output>
          </reporter-output>
        </test-method> <!-- testMethod -->
      </class> <!-- Test.k.Tests.TestNGExample -->
    </test> <!-- Test -->
  </suite> <!-- Suite -->
</testng-results>
